[03/02/2020 10:34:27] [ERR]: The controller does not exist: app/modules/admin/controllers/downloadsController.php - program: homeController.php line 213
[03/02/2020 10:34:27] [ERR]: The controller does not exist: app/modules/admin/controllers/workcalendarController.php - program: homeController.php line 213
[03/02/2020 10:34:27] [ERR]: The controller does not exist: app/modules/admin/controllers/importpeopleController.php - program: homeController.php line 213
[03/02/2020 10:34:27] [ERR]: The controller does not exist: app/modules/helpdezk/controllers/statusController.php - program: homeController.php line 213
[03/02/2020 10:34:27] [ERR]: The controller does not exist: app/modules/helpdezk/controllers/priorityController.php - program: homeController.php line 213
[03/02/2020 10:34:27] [ERR]: The controller does not exist: app/modules/helpdezk/controllers/evaluationController.php - program: homeController.php line 213
[03/02/2020 10:34:27] [ERR]: The controller does not exist: app/modules/helpdezk/controllers/costcenterController.php - program: homeController.php line 213
[03/02/2020 10:34:27] [ERR]: The controller does not exist: app/modules/helpdezk/controllers/featuresController.php - program: homeController.php line 213
[03/02/2020 10:34:27] [ERR]: The controller does not exist: app/modules/helpdezk/controllers/importservicesController.php - program: homeController.php line 213
[03/02/2020 10:34:27] [ERR]: The controller does not exist: app/modules/helpdezk/controllers/relPessoaController.php - program: homeController.php line 213
[03/02/2020 10:34:27] [ERR]: The controller does not exist: app/modules/helpdezk/controllers/relRequestsController.php - program: homeController.php line 213
[03/02/2020 10:34:27] [ERR]: The controller does not exist: app/modules/helpdezk/controllers/relOpeAverRespTimeController.php - program: homeController.php line 213
[03/02/2020 10:34:27] [ERR]: The controller does not exist: app/modules/helpdezk/controllers/relRejectController.php - program: homeController.php line 213
[03/02/2020 10:34:27] [ERR]: The controller does not exist: app/modules/helpdezk/controllers/relDepartmentsController.php - program: homeController.php line 213
[03/02/2020 10:34:27] [ERR]: The controller does not exist: app/modules/helpdezk/controllers/relStatusController.php - program: homeController.php line 213
[03/02/2020 10:34:27] [ERR]: The controller does not exist: app/modules/helpdezk/controllers/relSumDepartmentController.php - program: homeController.php line 213
[03/02/2020 10:34:27] [ERR]: The controller does not exist: app/modules/helpdezk/controllers/relOperatorController.php - program: homeController.php line 213
[03/02/2020 10:34:27] [ERR]: The controller does not exist: app/modules/helpdezk/controllers/relUserSatisfactionController.php - program: homeController.php line 213
[03/02/2020 10:34:27] [ERR]: The controller does not exist: app/modules/helpdezk/controllers/relRequestsOperatorController.php - program: homeController.php line 213
[03/02/2020 10:34:27] [ERR]: The controller does not exist: app/modules/helpdezk/controllers/relWorkedRequestsController.php - program: homeController.php line 213
[03/02/2020 10:34:33] [DEBUG]: entrou  : - program: personController.php line 39
[03/02/2020 10:34:33] [ERR]: The controller does not exist: app/modules/admin/controllers/downloadsController.php - program: personController.php line 213
[03/02/2020 10:34:33] [ERR]: The controller does not exist: app/modules/admin/controllers/workcalendarController.php - program: personController.php line 213
[03/02/2020 10:34:33] [ERR]: The controller does not exist: app/modules/admin/controllers/importpeopleController.php - program: personController.php line 213
[03/02/2020 10:34:33] [ERR]: The controller does not exist: app/modules/helpdezk/controllers/statusController.php - program: personController.php line 213
[03/02/2020 10:34:33] [ERR]: The controller does not exist: app/modules/helpdezk/controllers/priorityController.php - program: personController.php line 213
[03/02/2020 10:34:33] [ERR]: The controller does not exist: app/modules/helpdezk/controllers/evaluationController.php - program: personController.php line 213
[03/02/2020 10:34:33] [ERR]: The controller does not exist: app/modules/helpdezk/controllers/costcenterController.php - program: personController.php line 213
[03/02/2020 10:34:33] [ERR]: The controller does not exist: app/modules/helpdezk/controllers/featuresController.php - program: personController.php line 213
[03/02/2020 10:34:33] [ERR]: The controller does not exist: app/modules/helpdezk/controllers/importservicesController.php - program: personController.php line 213
[03/02/2020 10:34:33] [ERR]: The controller does not exist: app/modules/helpdezk/controllers/relPessoaController.php - program: personController.php line 213
[03/02/2020 10:34:33] [ERR]: The controller does not exist: app/modules/helpdezk/controllers/relRequestsController.php - program: personController.php line 213
[03/02/2020 10:34:33] [ERR]: The controller does not exist: app/modules/helpdezk/controllers/relOpeAverRespTimeController.php - program: personController.php line 213
[03/02/2020 10:34:33] [ERR]: The controller does not exist: app/modules/helpdezk/controllers/relRejectController.php - program: personController.php line 213
[03/02/2020 10:34:33] [ERR]: The controller does not exist: app/modules/helpdezk/controllers/relDepartmentsController.php - program: personController.php line 213
[03/02/2020 10:34:33] [ERR]: The controller does not exist: app/modules/helpdezk/controllers/relStatusController.php - program: personController.php line 213
[03/02/2020 10:34:33] [ERR]: The controller does not exist: app/modules/helpdezk/controllers/relSumDepartmentController.php - program: personController.php line 213
[03/02/2020 10:34:33] [ERR]: The controller does not exist: app/modules/helpdezk/controllers/relOperatorController.php - program: personController.php line 213
[03/02/2020 10:34:33] [ERR]: The controller does not exist: app/modules/helpdezk/controllers/relUserSatisfactionController.php - program: personController.php line 213
[03/02/2020 10:34:33] [ERR]: The controller does not exist: app/modules/helpdezk/controllers/relRequestsOperatorController.php - program: personController.php line 213
[03/02/2020 10:34:33] [ERR]: The controller does not exist: app/modules/helpdezk/controllers/relWorkedRequestsController.php - program: personController.php line 213
[03/02/2020 10:34:33] [DEBUG]: entrou  : - program: personController.php line 39
[03/02/2020 10:34:35] [DEBUG]: entrou  : - program: personController.php line 39
[03/02/2020 10:34:35] [DEBUG]: token gerado: 78e0af2a4947490d85a7abe8fdd6749cf77180b586af3ed391b781af883732036161674c22db7a4606c2b7e72179117b12671b755fa88fdbbda2ec542e816966 - program: personController.php - method: Person::formCreatePerson line 154
[03/02/2020 10:34:36] [ERR]: The controller does not exist: app/modules/admin/controllers/downloadsController.php - program: personController.php line 213
[03/02/2020 10:34:36] [ERR]: The controller does not exist: app/modules/admin/controllers/workcalendarController.php - program: personController.php line 213
[03/02/2020 10:34:36] [ERR]: The controller does not exist: app/modules/admin/controllers/importpeopleController.php - program: personController.php line 213
[03/02/2020 10:34:36] [ERR]: The controller does not exist: app/modules/helpdezk/controllers/statusController.php - program: personController.php line 213
[03/02/2020 10:34:36] [ERR]: The controller does not exist: app/modules/helpdezk/controllers/priorityController.php - program: personController.php line 213
[03/02/2020 10:34:36] [ERR]: The controller does not exist: app/modules/helpdezk/controllers/evaluationController.php - program: personController.php line 213
[03/02/2020 10:34:36] [ERR]: The controller does not exist: app/modules/helpdezk/controllers/costcenterController.php - program: personController.php line 213
[03/02/2020 10:34:36] [ERR]: The controller does not exist: app/modules/helpdezk/controllers/featuresController.php - program: personController.php line 213
[03/02/2020 10:34:36] [ERR]: The controller does not exist: app/modules/helpdezk/controllers/importservicesController.php - program: personController.php line 213
[03/02/2020 10:34:36] [ERR]: The controller does not exist: app/modules/helpdezk/controllers/relPessoaController.php - program: personController.php line 213
[03/02/2020 10:34:36] [ERR]: The controller does not exist: app/modules/helpdezk/controllers/relRequestsController.php - program: personController.php line 213
[03/02/2020 10:34:36] [ERR]: The controller does not exist: app/modules/helpdezk/controllers/relOpeAverRespTimeController.php - program: personController.php line 213
[03/02/2020 10:34:36] [ERR]: The controller does not exist: app/modules/helpdezk/controllers/relRejectController.php - program: personController.php line 213
[03/02/2020 10:34:36] [ERR]: The controller does not exist: app/modules/helpdezk/controllers/relDepartmentsController.php - program: personController.php line 213
[03/02/2020 10:34:36] [ERR]: The controller does not exist: app/modules/helpdezk/controllers/relStatusController.php - program: personController.php line 213
[03/02/2020 10:34:36] [ERR]: The controller does not exist: app/modules/helpdezk/controllers/relSumDepartmentController.php - program: personController.php line 213
[03/02/2020 10:34:36] [ERR]: The controller does not exist: app/modules/helpdezk/controllers/relOperatorController.php - program: personController.php line 213
[03/02/2020 10:34:36] [ERR]: The controller does not exist: app/modules/helpdezk/controllers/relUserSatisfactionController.php - program: personController.php line 213
[03/02/2020 10:34:36] [ERR]: The controller does not exist: app/modules/helpdezk/controllers/relRequestsOperatorController.php - program: personController.php line 213
[03/02/2020 10:34:36] [ERR]: The controller does not exist: app/modules/helpdezk/controllers/relWorkedRequestsController.php - program: personController.php line 213
[03/02/2020 10:34:49] [DEBUG]: entrou  : - program: personController.php line 39
[03/02/2020 10:34:49] [DEBUG]: token gerado: 787ee49bdc47713dda397ed679b55d3ed439005e12af8b309305fb21e0c79a79fa6f065617340ab0c29cc2a815ed2d5bc5150f83cd67da85adeec9cb0d0a76af - program: personController.php - method: Person::formCreatePerson line 154
[03/02/2020 10:34:50] [ERR]: The controller does not exist: app/modules/admin/controllers/downloadsController.php - program: personController.php line 213
[03/02/2020 10:34:50] [ERR]: The controller does not exist: app/modules/admin/controllers/workcalendarController.php - program: personController.php line 213
[03/02/2020 10:34:50] [ERR]: The controller does not exist: app/modules/admin/controllers/importpeopleController.php - program: personController.php line 213
[03/02/2020 10:34:50] [ERR]: The controller does not exist: app/modules/helpdezk/controllers/statusController.php - program: personController.php line 213
[03/02/2020 10:34:50] [ERR]: The controller does not exist: app/modules/helpdezk/controllers/priorityController.php - program: personController.php line 213
[03/02/2020 10:34:50] [ERR]: The controller does not exist: app/modules/helpdezk/controllers/evaluationController.php - program: personController.php line 213
[03/02/2020 10:34:50] [ERR]: The controller does not exist: app/modules/helpdezk/controllers/costcenterController.php - program: personController.php line 213
[03/02/2020 10:34:50] [ERR]: The controller does not exist: app/modules/helpdezk/controllers/featuresController.php - program: personController.php line 213
[03/02/2020 10:34:50] [ERR]: The controller does not exist: app/modules/helpdezk/controllers/importservicesController.php - program: personController.php line 213
[03/02/2020 10:34:50] [ERR]: The controller does not exist: app/modules/helpdezk/controllers/relPessoaController.php - program: personController.php line 213
[03/02/2020 10:34:50] [ERR]: The controller does not exist: app/modules/helpdezk/controllers/relRequestsController.php - program: personController.php line 213
[03/02/2020 10:34:50] [ERR]: The controller does not exist: app/modules/helpdezk/controllers/relOpeAverRespTimeController.php - program: personController.php line 213
[03/02/2020 10:34:50] [ERR]: The controller does not exist: app/modules/helpdezk/controllers/relRejectController.php - program: personController.php line 213
[03/02/2020 10:34:50] [ERR]: The controller does not exist: app/modules/helpdezk/controllers/relDepartmentsController.php - program: personController.php line 213
[03/02/2020 10:34:50] [ERR]: The controller does not exist: app/modules/helpdezk/controllers/relStatusController.php - program: personController.php line 213
[03/02/2020 10:34:50] [ERR]: The controller does not exist: app/modules/helpdezk/controllers/relSumDepartmentController.php - program: personController.php line 213
[03/02/2020 10:34:50] [ERR]: The controller does not exist: app/modules/helpdezk/controllers/relOperatorController.php - program: personController.php line 213
[03/02/2020 10:34:50] [ERR]: The controller does not exist: app/modules/helpdezk/controllers/relUserSatisfactionController.php - program: personController.php line 213
[03/02/2020 10:34:50] [ERR]: The controller does not exist: app/modules/helpdezk/controllers/relRequestsOperatorController.php - program: personController.php line 213
[03/02/2020 10:34:50] [ERR]: The controller does not exist: app/modules/helpdezk/controllers/relWorkedRequestsController.php - program: personController.php line 213
[03/02/2020 10:34:52] [DEBUG]: entrou  : - program: personController.php line 39
[03/02/2020 10:34:52] [DEBUG]: token gerado: 597f2c0cd97ffd1d8fce63fd80be7dd555bff9ca489555f8ee67ac0ccfd9e5cffee491dc1429aea5411d5ef48fc509c1b0af453b7d33a95dd6e85e8424da6bfe - program: personController.php - method: Person::formCreatePerson line 154
[03/02/2020 10:34:52] [ERR]: The controller does not exist: app/modules/admin/controllers/downloadsController.php - program: personController.php line 213
[03/02/2020 10:34:52] [ERR]: The controller does not exist: app/modules/admin/controllers/workcalendarController.php - program: personController.php line 213
[03/02/2020 10:34:52] [ERR]: The controller does not exist: app/modules/admin/controllers/importpeopleController.php - program: personController.php line 213
[03/02/2020 10:34:52] [ERR]: The controller does not exist: app/modules/helpdezk/controllers/statusController.php - program: personController.php line 213
[03/02/2020 10:34:52] [ERR]: The controller does not exist: app/modules/helpdezk/controllers/priorityController.php - program: personController.php line 213
[03/02/2020 10:34:52] [ERR]: The controller does not exist: app/modules/helpdezk/controllers/evaluationController.php - program: personController.php line 213
[03/02/2020 10:34:52] [ERR]: The controller does not exist: app/modules/helpdezk/controllers/costcenterController.php - program: personController.php line 213
[03/02/2020 10:34:52] [ERR]: The controller does not exist: app/modules/helpdezk/controllers/featuresController.php - program: personController.php line 213
[03/02/2020 10:34:52] [ERR]: The controller does not exist: app/modules/helpdezk/controllers/importservicesController.php - program: personController.php line 213
[03/02/2020 10:34:52] [ERR]: The controller does not exist: app/modules/helpdezk/controllers/relPessoaController.php - program: personController.php line 213
[03/02/2020 10:34:52] [ERR]: The controller does not exist: app/modules/helpdezk/controllers/relRequestsController.php - program: personController.php line 213
[03/02/2020 10:34:52] [ERR]: The controller does not exist: app/modules/helpdezk/controllers/relOpeAverRespTimeController.php - program: personController.php line 213
[03/02/2020 10:34:52] [ERR]: The controller does not exist: app/modules/helpdezk/controllers/relRejectController.php - program: personController.php line 213
[03/02/2020 10:34:52] [ERR]: The controller does not exist: app/modules/helpdezk/controllers/relDepartmentsController.php - program: personController.php line 213
[03/02/2020 10:34:52] [ERR]: The controller does not exist: app/modules/helpdezk/controllers/relStatusController.php - program: personController.php line 213
[03/02/2020 10:34:52] [ERR]: The controller does not exist: app/modules/helpdezk/controllers/relSumDepartmentController.php - program: personController.php line 213
[03/02/2020 10:34:52] [ERR]: The controller does not exist: app/modules/helpdezk/controllers/relOperatorController.php - program: personController.php line 213
[03/02/2020 10:34:52] [ERR]: The controller does not exist: app/modules/helpdezk/controllers/relUserSatisfactionController.php - program: personController.php line 213
[03/02/2020 10:34:52] [ERR]: The controller does not exist: app/modules/helpdezk/controllers/relRequestsOperatorController.php - program: personController.php line 213
[03/02/2020 10:34:52] [ERR]: The controller does not exist: app/modules/helpdezk/controllers/relWorkedRequestsController.php - program: personController.php line 213
[03/02/2020 10:36:55] [DEBUG]: entrou  : - program: personController.php line 39
[03/02/2020 10:36:55] [DEBUG]: token gerado: aff2049bfb5ff4f33fb20ef230c71ac1c0a1c0a8d3359b5fe8a6f455b1615a71211f281fc47d3d9a23413dae34192d29eae9bf4c7c3c2424910c71c0959cdc8e - program: personController.php - method: Person::formCreatePerson line 154
[03/02/2020 10:36:55] [ERR]: The controller does not exist: app/modules/admin/controllers/downloadsController.php - program: personController.php line 213
[03/02/2020 10:36:55] [ERR]: The controller does not exist: app/modules/admin/controllers/workcalendarController.php - program: personController.php line 213
[03/02/2020 10:36:55] [ERR]: The controller does not exist: app/modules/admin/controllers/importpeopleController.php - program: personController.php line 213
[03/02/2020 10:36:55] [ERR]: The controller does not exist: app/modules/helpdezk/controllers/statusController.php - program: personController.php line 213
[03/02/2020 10:36:55] [ERR]: The controller does not exist: app/modules/helpdezk/controllers/priorityController.php - program: personController.php line 213
[03/02/2020 10:36:55] [ERR]: The controller does not exist: app/modules/helpdezk/controllers/evaluationController.php - program: personController.php line 213
[03/02/2020 10:36:55] [ERR]: The controller does not exist: app/modules/helpdezk/controllers/costcenterController.php - program: personController.php line 213
[03/02/2020 10:36:55] [ERR]: The controller does not exist: app/modules/helpdezk/controllers/featuresController.php - program: personController.php line 213
[03/02/2020 10:36:55] [ERR]: The controller does not exist: app/modules/helpdezk/controllers/importservicesController.php - program: personController.php line 213
[03/02/2020 10:36:55] [ERR]: The controller does not exist: app/modules/helpdezk/controllers/relPessoaController.php - program: personController.php line 213
[03/02/2020 10:36:55] [ERR]: The controller does not exist: app/modules/helpdezk/controllers/relRequestsController.php - program: personController.php line 213
[03/02/2020 10:36:55] [ERR]: The controller does not exist: app/modules/helpdezk/controllers/relOpeAverRespTimeController.php - program: personController.php line 213
[03/02/2020 10:36:55] [ERR]: The controller does not exist: app/modules/helpdezk/controllers/relRejectController.php - program: personController.php line 213
[03/02/2020 10:36:55] [ERR]: The controller does not exist: app/modules/helpdezk/controllers/relDepartmentsController.php - program: personController.php line 213
[03/02/2020 10:36:55] [ERR]: The controller does not exist: app/modules/helpdezk/controllers/relStatusController.php - program: personController.php line 213
[03/02/2020 10:36:55] [ERR]: The controller does not exist: app/modules/helpdezk/controllers/relSumDepartmentController.php - program: personController.php line 213
[03/02/2020 10:36:55] [ERR]: The controller does not exist: app/modules/helpdezk/controllers/relOperatorController.php - program: personController.php line 213
[03/02/2020 10:36:55] [ERR]: The controller does not exist: app/modules/helpdezk/controllers/relUserSatisfactionController.php - program: personController.php line 213
[03/02/2020 10:36:55] [ERR]: The controller does not exist: app/modules/helpdezk/controllers/relRequestsOperatorController.php - program: personController.php line 213
[03/02/2020 10:36:55] [ERR]: The controller does not exist: app/modules/helpdezk/controllers/relWorkedRequestsController.php - program: personController.php line 213
[03/02/2020 10:37:02] [DEBUG]: entrou  : - program: personController.php line 39
[03/02/2020 10:37:02] [DEBUG]: token gerado: cd0ab9232bf0df83b5ca6e40b1600c66e84fc513736381d6dda23664d1af5ba3626c8a5ea4b06d72bb42c782c5cd9c4049b2364cc6e3de4a9ba9bc2f45d7bbd5 - program: personController.php - method: Person::formCreatePerson line 154
[03/02/2020 10:37:02] [ERR]: The controller does not exist: app/modules/admin/controllers/downloadsController.php - program: personController.php line 213
[03/02/2020 10:37:02] [ERR]: The controller does not exist: app/modules/admin/controllers/workcalendarController.php - program: personController.php line 213
[03/02/2020 10:37:02] [ERR]: The controller does not exist: app/modules/admin/controllers/importpeopleController.php - program: personController.php line 213
[03/02/2020 10:37:02] [ERR]: The controller does not exist: app/modules/helpdezk/controllers/statusController.php - program: personController.php line 213
[03/02/2020 10:37:02] [ERR]: The controller does not exist: app/modules/helpdezk/controllers/priorityController.php - program: personController.php line 213
[03/02/2020 10:37:02] [ERR]: The controller does not exist: app/modules/helpdezk/controllers/evaluationController.php - program: personController.php line 213
[03/02/2020 10:37:02] [ERR]: The controller does not exist: app/modules/helpdezk/controllers/costcenterController.php - program: personController.php line 213
[03/02/2020 10:37:02] [ERR]: The controller does not exist: app/modules/helpdezk/controllers/featuresController.php - program: personController.php line 213
[03/02/2020 10:37:02] [ERR]: The controller does not exist: app/modules/helpdezk/controllers/importservicesController.php - program: personController.php line 213
[03/02/2020 10:37:02] [ERR]: The controller does not exist: app/modules/helpdezk/controllers/relPessoaController.php - program: personController.php line 213
[03/02/2020 10:37:02] [ERR]: The controller does not exist: app/modules/helpdezk/controllers/relRequestsController.php - program: personController.php line 213
[03/02/2020 10:37:02] [ERR]: The controller does not exist: app/modules/helpdezk/controllers/relOpeAverRespTimeController.php - program: personController.php line 213
[03/02/2020 10:37:02] [ERR]: The controller does not exist: app/modules/helpdezk/controllers/relRejectController.php - program: personController.php line 213
[03/02/2020 10:37:02] [ERR]: The controller does not exist: app/modules/helpdezk/controllers/relDepartmentsController.php - program: personController.php line 213
[03/02/2020 10:37:02] [ERR]: The controller does not exist: app/modules/helpdezk/controllers/relStatusController.php - program: personController.php line 213
[03/02/2020 10:37:02] [ERR]: The controller does not exist: app/modules/helpdezk/controllers/relSumDepartmentController.php - program: personController.php line 213
[03/02/2020 10:37:02] [ERR]: The controller does not exist: app/modules/helpdezk/controllers/relOperatorController.php - program: personController.php line 213
[03/02/2020 10:37:02] [ERR]: The controller does not exist: app/modules/helpdezk/controllers/relUserSatisfactionController.php - program: personController.php line 213
[03/02/2020 10:37:02] [ERR]: The controller does not exist: app/modules/helpdezk/controllers/relRequestsOperatorController.php - program: personController.php line 213
[03/02/2020 10:37:02] [ERR]: The controller does not exist: app/modules/helpdezk/controllers/relWorkedRequestsController.php - program: personController.php line 213
[03/02/2020 10:37:07] [DEBUG]: entrou  : - program: personController.php line 39
[03/02/2020 10:37:07] [DEBUG]: token gerado: 25c72fb28855013f65bc38469f9516b5644ca69600cfcb94af00c4026991aea918f6496dec3a78f116993ad750137525162d4cb9532f9cabd0822205df2d2940 - program: personController.php - method: Person::formCreatePerson line 154
[03/02/2020 10:37:07] [ERR]: The controller does not exist: app/modules/admin/controllers/downloadsController.php - program: personController.php line 213
[03/02/2020 10:37:07] [ERR]: The controller does not exist: app/modules/admin/controllers/workcalendarController.php - program: personController.php line 213
[03/02/2020 10:37:07] [ERR]: The controller does not exist: app/modules/admin/controllers/importpeopleController.php - program: personController.php line 213
[03/02/2020 10:37:07] [ERR]: The controller does not exist: app/modules/helpdezk/controllers/statusController.php - program: personController.php line 213
[03/02/2020 10:37:07] [ERR]: The controller does not exist: app/modules/helpdezk/controllers/priorityController.php - program: personController.php line 213
[03/02/2020 10:37:07] [ERR]: The controller does not exist: app/modules/helpdezk/controllers/evaluationController.php - program: personController.php line 213
[03/02/2020 10:37:07] [ERR]: The controller does not exist: app/modules/helpdezk/controllers/costcenterController.php - program: personController.php line 213
[03/02/2020 10:37:07] [ERR]: The controller does not exist: app/modules/helpdezk/controllers/featuresController.php - program: personController.php line 213
[03/02/2020 10:37:07] [ERR]: The controller does not exist: app/modules/helpdezk/controllers/importservicesController.php - program: personController.php line 213
[03/02/2020 10:37:07] [ERR]: The controller does not exist: app/modules/helpdezk/controllers/relPessoaController.php - program: personController.php line 213
[03/02/2020 10:37:07] [ERR]: The controller does not exist: app/modules/helpdezk/controllers/relRequestsController.php - program: personController.php line 213
[03/02/2020 10:37:07] [ERR]: The controller does not exist: app/modules/helpdezk/controllers/relOpeAverRespTimeController.php - program: personController.php line 213
[03/02/2020 10:37:07] [ERR]: The controller does not exist: app/modules/helpdezk/controllers/relRejectController.php - program: personController.php line 213
[03/02/2020 10:37:07] [ERR]: The controller does not exist: app/modules/helpdezk/controllers/relDepartmentsController.php - program: personController.php line 213
[03/02/2020 10:37:07] [ERR]: The controller does not exist: app/modules/helpdezk/controllers/relStatusController.php - program: personController.php line 213
[03/02/2020 10:37:07] [ERR]: The controller does not exist: app/modules/helpdezk/controllers/relSumDepartmentController.php - program: personController.php line 213
[03/02/2020 10:37:07] [ERR]: The controller does not exist: app/modules/helpdezk/controllers/relOperatorController.php - program: personController.php line 213
[03/02/2020 10:37:07] [ERR]: The controller does not exist: app/modules/helpdezk/controllers/relUserSatisfactionController.php - program: personController.php line 213
[03/02/2020 10:37:07] [ERR]: The controller does not exist: app/modules/helpdezk/controllers/relRequestsOperatorController.php - program: personController.php line 213
[03/02/2020 10:37:07] [ERR]: The controller does not exist: app/modules/helpdezk/controllers/relWorkedRequestsController.php - program: personController.php line 213
[03/02/2020 10:37:22] [DEBUG]: entrou  : - program: personController.php line 39
[03/02/2020 10:37:22] [DEBUG]: token gerado: 5e81706aecae2793183908fe2bb60d9a82655c9df67cda23c4799488289b73011ba5245aece21eac54f3ed27fc0e4413d09619abbda1d4c58899c74a496fc2b3 - program: personController.php - method: Person::formCreatePerson line 154
[03/02/2020 10:37:22] [ERR]: The controller does not exist: app/modules/admin/controllers/downloadsController.php - program: personController.php line 213
[03/02/2020 10:37:22] [ERR]: The controller does not exist: app/modules/admin/controllers/workcalendarController.php - program: personController.php line 213
[03/02/2020 10:37:22] [ERR]: The controller does not exist: app/modules/admin/controllers/importpeopleController.php - program: personController.php line 213
[03/02/2020 10:37:22] [ERR]: The controller does not exist: app/modules/helpdezk/controllers/statusController.php - program: personController.php line 213
[03/02/2020 10:37:22] [ERR]: The controller does not exist: app/modules/helpdezk/controllers/priorityController.php - program: personController.php line 213
[03/02/2020 10:37:22] [ERR]: The controller does not exist: app/modules/helpdezk/controllers/evaluationController.php - program: personController.php line 213
[03/02/2020 10:37:22] [ERR]: The controller does not exist: app/modules/helpdezk/controllers/costcenterController.php - program: personController.php line 213
[03/02/2020 10:37:22] [ERR]: The controller does not exist: app/modules/helpdezk/controllers/featuresController.php - program: personController.php line 213
[03/02/2020 10:37:22] [ERR]: The controller does not exist: app/modules/helpdezk/controllers/importservicesController.php - program: personController.php line 213
[03/02/2020 10:37:22] [ERR]: The controller does not exist: app/modules/helpdezk/controllers/relPessoaController.php - program: personController.php line 213
[03/02/2020 10:37:22] [ERR]: The controller does not exist: app/modules/helpdezk/controllers/relRequestsController.php - program: personController.php line 213
[03/02/2020 10:37:22] [ERR]: The controller does not exist: app/modules/helpdezk/controllers/relOpeAverRespTimeController.php - program: personController.php line 213
[03/02/2020 10:37:22] [ERR]: The controller does not exist: app/modules/helpdezk/controllers/relRejectController.php - program: personController.php line 213
[03/02/2020 10:37:22] [ERR]: The controller does not exist: app/modules/helpdezk/controllers/relDepartmentsController.php - program: personController.php line 213
[03/02/2020 10:37:22] [ERR]: The controller does not exist: app/modules/helpdezk/controllers/relStatusController.php - program: personController.php line 213
[03/02/2020 10:37:22] [ERR]: The controller does not exist: app/modules/helpdezk/controllers/relSumDepartmentController.php - program: personController.php line 213
[03/02/2020 10:37:22] [ERR]: The controller does not exist: app/modules/helpdezk/controllers/relOperatorController.php - program: personController.php line 213
[03/02/2020 10:37:22] [ERR]: The controller does not exist: app/modules/helpdezk/controllers/relUserSatisfactionController.php - program: personController.php line 213
[03/02/2020 10:37:22] [ERR]: The controller does not exist: app/modules/helpdezk/controllers/relRequestsOperatorController.php - program: personController.php line 213
[03/02/2020 10:37:22] [ERR]: The controller does not exist: app/modules/helpdezk/controllers/relWorkedRequestsController.php - program: personController.php line 213
[03/02/2020 10:37:27] [DEBUG]: entrou  : - program: personController.php line 39
[03/02/2020 10:37:27] [DEBUG]: token gerado: 099097976d5c502cda7c356b88aeb4ac51e41481e351ffea69ee43d788f94a2ae2e06110ed415fd95c15873a9205ff4ad568588fc8bbc59db210d9feff712e78 - program: personController.php - method: Person::formCreatePerson line 154
[03/02/2020 10:37:27] [ERR]: The controller does not exist: app/modules/admin/controllers/downloadsController.php - program: personController.php line 213
[03/02/2020 10:37:27] [ERR]: The controller does not exist: app/modules/admin/controllers/workcalendarController.php - program: personController.php line 213
[03/02/2020 10:37:27] [ERR]: The controller does not exist: app/modules/admin/controllers/importpeopleController.php - program: personController.php line 213
[03/02/2020 10:37:27] [ERR]: The controller does not exist: app/modules/helpdezk/controllers/statusController.php - program: personController.php line 213
[03/02/2020 10:37:27] [ERR]: The controller does not exist: app/modules/helpdezk/controllers/priorityController.php - program: personController.php line 213
[03/02/2020 10:37:27] [ERR]: The controller does not exist: app/modules/helpdezk/controllers/evaluationController.php - program: personController.php line 213
[03/02/2020 10:37:27] [ERR]: The controller does not exist: app/modules/helpdezk/controllers/costcenterController.php - program: personController.php line 213
[03/02/2020 10:37:27] [ERR]: The controller does not exist: app/modules/helpdezk/controllers/featuresController.php - program: personController.php line 213
[03/02/2020 10:37:27] [ERR]: The controller does not exist: app/modules/helpdezk/controllers/importservicesController.php - program: personController.php line 213
[03/02/2020 10:37:27] [ERR]: The controller does not exist: app/modules/helpdezk/controllers/relPessoaController.php - program: personController.php line 213
[03/02/2020 10:37:27] [ERR]: The controller does not exist: app/modules/helpdezk/controllers/relRequestsController.php - program: personController.php line 213
[03/02/2020 10:37:27] [ERR]: The controller does not exist: app/modules/helpdezk/controllers/relOpeAverRespTimeController.php - program: personController.php line 213
[03/02/2020 10:37:27] [ERR]: The controller does not exist: app/modules/helpdezk/controllers/relRejectController.php - program: personController.php line 213
[03/02/2020 10:37:27] [ERR]: The controller does not exist: app/modules/helpdezk/controllers/relDepartmentsController.php - program: personController.php line 213
[03/02/2020 10:37:27] [ERR]: The controller does not exist: app/modules/helpdezk/controllers/relStatusController.php - program: personController.php line 213
[03/02/2020 10:37:27] [ERR]: The controller does not exist: app/modules/helpdezk/controllers/relSumDepartmentController.php - program: personController.php line 213
[03/02/2020 10:37:27] [ERR]: The controller does not exist: app/modules/helpdezk/controllers/relOperatorController.php - program: personController.php line 213
[03/02/2020 10:37:27] [ERR]: The controller does not exist: app/modules/helpdezk/controllers/relUserSatisfactionController.php - program: personController.php line 213
[03/02/2020 10:37:27] [ERR]: The controller does not exist: app/modules/helpdezk/controllers/relRequestsOperatorController.php - program: personController.php line 213
[03/02/2020 10:37:27] [ERR]: The controller does not exist: app/modules/helpdezk/controllers/relWorkedRequestsController.php - program: personController.php line 213
[03/02/2020 10:37:32] [DEBUG]: entrou  : - program: personController.php line 39
[03/02/2020 10:37:32] [DEBUG]: token gerado: 069dc0b47c690f96f3a9e801e27889d126a959a5e2a1fbac9dd1557332530ffa031fe019ed2dd1e235a33bc817424503454db1f8265549958e308611a1f19132 - program: personController.php - method: Person::formCreatePerson line 154
[03/02/2020 10:37:32] [ERR]: The controller does not exist: app/modules/admin/controllers/downloadsController.php - program: personController.php line 213
[03/02/2020 10:37:32] [ERR]: The controller does not exist: app/modules/admin/controllers/workcalendarController.php - program: personController.php line 213
[03/02/2020 10:37:32] [ERR]: The controller does not exist: app/modules/admin/controllers/importpeopleController.php - program: personController.php line 213
[03/02/2020 10:37:32] [ERR]: The controller does not exist: app/modules/helpdezk/controllers/statusController.php - program: personController.php line 213
[03/02/2020 10:37:32] [ERR]: The controller does not exist: app/modules/helpdezk/controllers/priorityController.php - program: personController.php line 213
[03/02/2020 10:37:32] [ERR]: The controller does not exist: app/modules/helpdezk/controllers/evaluationController.php - program: personController.php line 213
[03/02/2020 10:37:32] [ERR]: The controller does not exist: app/modules/helpdezk/controllers/costcenterController.php - program: personController.php line 213
[03/02/2020 10:37:32] [ERR]: The controller does not exist: app/modules/helpdezk/controllers/featuresController.php - program: personController.php line 213
[03/02/2020 10:37:32] [ERR]: The controller does not exist: app/modules/helpdezk/controllers/importservicesController.php - program: personController.php line 213
[03/02/2020 10:37:32] [ERR]: The controller does not exist: app/modules/helpdezk/controllers/relPessoaController.php - program: personController.php line 213
[03/02/2020 10:37:32] [ERR]: The controller does not exist: app/modules/helpdezk/controllers/relRequestsController.php - program: personController.php line 213
[03/02/2020 10:37:32] [ERR]: The controller does not exist: app/modules/helpdezk/controllers/relOpeAverRespTimeController.php - program: personController.php line 213
[03/02/2020 10:37:32] [ERR]: The controller does not exist: app/modules/helpdezk/controllers/relRejectController.php - program: personController.php line 213
[03/02/2020 10:37:32] [ERR]: The controller does not exist: app/modules/helpdezk/controllers/relDepartmentsController.php - program: personController.php line 213
[03/02/2020 10:37:32] [ERR]: The controller does not exist: app/modules/helpdezk/controllers/relStatusController.php - program: personController.php line 213
[03/02/2020 10:37:32] [ERR]: The controller does not exist: app/modules/helpdezk/controllers/relSumDepartmentController.php - program: personController.php line 213
[03/02/2020 10:37:32] [ERR]: The controller does not exist: app/modules/helpdezk/controllers/relOperatorController.php - program: personController.php line 213
[03/02/2020 10:37:32] [ERR]: The controller does not exist: app/modules/helpdezk/controllers/relUserSatisfactionController.php - program: personController.php line 213
[03/02/2020 10:37:32] [ERR]: The controller does not exist: app/modules/helpdezk/controllers/relRequestsOperatorController.php - program: personController.php line 213
[03/02/2020 10:37:32] [ERR]: The controller does not exist: app/modules/helpdezk/controllers/relWorkedRequestsController.php - program: personController.php line 213
[03/02/2020 10:37:34] [DEBUG]: entrou  : - program: personController.php line 39
[03/02/2020 10:37:34] [DEBUG]: token gerado: 994c0a94d3634d014b9d89c2a1e7554eeb6100d76fa6fb071cfb13fe954cd9f41e2e4f4ed3e4e84dd29f7ec1ec3145d145455198c09c4a3c72199b7bd4ed9f6c - program: personController.php - method: Person::formCreatePerson line 154
[03/02/2020 10:37:34] [ERR]: The controller does not exist: app/modules/admin/controllers/downloadsController.php - program: personController.php line 213
[03/02/2020 10:37:34] [ERR]: The controller does not exist: app/modules/admin/controllers/workcalendarController.php - program: personController.php line 213
[03/02/2020 10:37:34] [ERR]: The controller does not exist: app/modules/admin/controllers/importpeopleController.php - program: personController.php line 213
[03/02/2020 10:37:34] [ERR]: The controller does not exist: app/modules/helpdezk/controllers/statusController.php - program: personController.php line 213
[03/02/2020 10:37:34] [ERR]: The controller does not exist: app/modules/helpdezk/controllers/priorityController.php - program: personController.php line 213
[03/02/2020 10:37:34] [ERR]: The controller does not exist: app/modules/helpdezk/controllers/evaluationController.php - program: personController.php line 213
[03/02/2020 10:37:34] [ERR]: The controller does not exist: app/modules/helpdezk/controllers/costcenterController.php - program: personController.php line 213
[03/02/2020 10:37:34] [ERR]: The controller does not exist: app/modules/helpdezk/controllers/featuresController.php - program: personController.php line 213
[03/02/2020 10:37:34] [ERR]: The controller does not exist: app/modules/helpdezk/controllers/importservicesController.php - program: personController.php line 213
[03/02/2020 10:37:34] [ERR]: The controller does not exist: app/modules/helpdezk/controllers/relPessoaController.php - program: personController.php line 213
[03/02/2020 10:37:34] [ERR]: The controller does not exist: app/modules/helpdezk/controllers/relRequestsController.php - program: personController.php line 213
[03/02/2020 10:37:34] [ERR]: The controller does not exist: app/modules/helpdezk/controllers/relOpeAverRespTimeController.php - program: personController.php line 213
[03/02/2020 10:37:34] [ERR]: The controller does not exist: app/modules/helpdezk/controllers/relRejectController.php - program: personController.php line 213
[03/02/2020 10:37:34] [ERR]: The controller does not exist: app/modules/helpdezk/controllers/relDepartmentsController.php - program: personController.php line 213
[03/02/2020 10:37:34] [ERR]: The controller does not exist: app/modules/helpdezk/controllers/relStatusController.php - program: personController.php line 213
[03/02/2020 10:37:34] [ERR]: The controller does not exist: app/modules/helpdezk/controllers/relSumDepartmentController.php - program: personController.php line 213
[03/02/2020 10:37:34] [ERR]: The controller does not exist: app/modules/helpdezk/controllers/relOperatorController.php - program: personController.php line 213
[03/02/2020 10:37:34] [ERR]: The controller does not exist: app/modules/helpdezk/controllers/relUserSatisfactionController.php - program: personController.php line 213
[03/02/2020 10:37:34] [ERR]: The controller does not exist: app/modules/helpdezk/controllers/relRequestsOperatorController.php - program: personController.php line 213
[03/02/2020 10:37:34] [ERR]: The controller does not exist: app/modules/helpdezk/controllers/relWorkedRequestsController.php - program: personController.php line 213
[03/02/2020 10:37:37] [DEBUG]: entrou  : - program: personController.php line 39
[03/02/2020 10:37:37] [DEBUG]: token gerado: 99ca407af8c883034a447f1e670330e32d2189357619ac4c10a0745ab37fb204979c42cd3c216b30a688be808aa588d1ea35d3d3780675a55175305b6618e07a - program: personController.php - method: Person::formCreatePerson line 154
[03/02/2020 10:37:37] [ERR]: The controller does not exist: app/modules/admin/controllers/downloadsController.php - program: personController.php line 213
[03/02/2020 10:37:37] [ERR]: The controller does not exist: app/modules/admin/controllers/workcalendarController.php - program: personController.php line 213
[03/02/2020 10:37:37] [ERR]: The controller does not exist: app/modules/admin/controllers/importpeopleController.php - program: personController.php line 213
[03/02/2020 10:37:37] [ERR]: The controller does not exist: app/modules/helpdezk/controllers/statusController.php - program: personController.php line 213
[03/02/2020 10:37:37] [ERR]: The controller does not exist: app/modules/helpdezk/controllers/priorityController.php - program: personController.php line 213
[03/02/2020 10:37:37] [ERR]: The controller does not exist: app/modules/helpdezk/controllers/evaluationController.php - program: personController.php line 213
[03/02/2020 10:37:37] [ERR]: The controller does not exist: app/modules/helpdezk/controllers/costcenterController.php - program: personController.php line 213
[03/02/2020 10:37:37] [ERR]: The controller does not exist: app/modules/helpdezk/controllers/featuresController.php - program: personController.php line 213
[03/02/2020 10:37:37] [ERR]: The controller does not exist: app/modules/helpdezk/controllers/importservicesController.php - program: personController.php line 213
[03/02/2020 10:37:37] [ERR]: The controller does not exist: app/modules/helpdezk/controllers/relPessoaController.php - program: personController.php line 213
[03/02/2020 10:37:37] [ERR]: The controller does not exist: app/modules/helpdezk/controllers/relRequestsController.php - program: personController.php line 213
[03/02/2020 10:37:37] [ERR]: The controller does not exist: app/modules/helpdezk/controllers/relOpeAverRespTimeController.php - program: personController.php line 213
[03/02/2020 10:37:37] [ERR]: The controller does not exist: app/modules/helpdezk/controllers/relRejectController.php - program: personController.php line 213
[03/02/2020 10:37:37] [ERR]: The controller does not exist: app/modules/helpdezk/controllers/relDepartmentsController.php - program: personController.php line 213
[03/02/2020 10:37:37] [ERR]: The controller does not exist: app/modules/helpdezk/controllers/relStatusController.php - program: personController.php line 213
[03/02/2020 10:37:37] [ERR]: The controller does not exist: app/modules/helpdezk/controllers/relSumDepartmentController.php - program: personController.php line 213
[03/02/2020 10:37:37] [ERR]: The controller does not exist: app/modules/helpdezk/controllers/relOperatorController.php - program: personController.php line 213
[03/02/2020 10:37:37] [ERR]: The controller does not exist: app/modules/helpdezk/controllers/relUserSatisfactionController.php - program: personController.php line 213
[03/02/2020 10:37:37] [ERR]: The controller does not exist: app/modules/helpdezk/controllers/relRequestsOperatorController.php - program: personController.php line 213
[03/02/2020 10:37:37] [ERR]: The controller does not exist: app/modules/helpdezk/controllers/relWorkedRequestsController.php - program: personController.php line 213
[03/02/2020 10:38:59] [DEBUG]: entrou  : - program: personController.php line 39
[03/02/2020 10:38:59] [DEBUG]: token gerado: b6203367c4f95daa0cd48a9703409f15355e6a8001be657eca99eea50fd2c30640a1807e6e90be4cee970a5ce2d83b9038d82cce508ee94279ec57b307b220d7 - program: personController.php - method: Person::formCreatePerson line 154
[03/02/2020 10:38:59] [ERR]: The controller does not exist: app/modules/admin/controllers/downloadsController.php - program: personController.php line 213
[03/02/2020 10:38:59] [ERR]: The controller does not exist: app/modules/admin/controllers/workcalendarController.php - program: personController.php line 213
[03/02/2020 10:38:59] [ERR]: The controller does not exist: app/modules/admin/controllers/importpeopleController.php - program: personController.php line 213
[03/02/2020 10:38:59] [ERR]: The controller does not exist: app/modules/helpdezk/controllers/statusController.php - program: personController.php line 213
[03/02/2020 10:38:59] [ERR]: The controller does not exist: app/modules/helpdezk/controllers/priorityController.php - program: personController.php line 213
[03/02/2020 10:38:59] [ERR]: The controller does not exist: app/modules/helpdezk/controllers/evaluationController.php - program: personController.php line 213
[03/02/2020 10:38:59] [ERR]: The controller does not exist: app/modules/helpdezk/controllers/costcenterController.php - program: personController.php line 213
[03/02/2020 10:38:59] [ERR]: The controller does not exist: app/modules/helpdezk/controllers/featuresController.php - program: personController.php line 213
[03/02/2020 10:38:59] [ERR]: The controller does not exist: app/modules/helpdezk/controllers/importservicesController.php - program: personController.php line 213
[03/02/2020 10:38:59] [ERR]: The controller does not exist: app/modules/helpdezk/controllers/relPessoaController.php - program: personController.php line 213
[03/02/2020 10:38:59] [ERR]: The controller does not exist: app/modules/helpdezk/controllers/relRequestsController.php - program: personController.php line 213
[03/02/2020 10:38:59] [ERR]: The controller does not exist: app/modules/helpdezk/controllers/relOpeAverRespTimeController.php - program: personController.php line 213
[03/02/2020 10:38:59] [ERR]: The controller does not exist: app/modules/helpdezk/controllers/relRejectController.php - program: personController.php line 213
[03/02/2020 10:38:59] [ERR]: The controller does not exist: app/modules/helpdezk/controllers/relDepartmentsController.php - program: personController.php line 213
[03/02/2020 10:38:59] [ERR]: The controller does not exist: app/modules/helpdezk/controllers/relStatusController.php - program: personController.php line 213
[03/02/2020 10:38:59] [ERR]: The controller does not exist: app/modules/helpdezk/controllers/relSumDepartmentController.php - program: personController.php line 213
[03/02/2020 10:38:59] [ERR]: The controller does not exist: app/modules/helpdezk/controllers/relOperatorController.php - program: personController.php line 213
[03/02/2020 10:38:59] [ERR]: The controller does not exist: app/modules/helpdezk/controllers/relUserSatisfactionController.php - program: personController.php line 213
[03/02/2020 10:38:59] [ERR]: The controller does not exist: app/modules/helpdezk/controllers/relRequestsOperatorController.php - program: personController.php line 213
[03/02/2020 10:38:59] [ERR]: The controller does not exist: app/modules/helpdezk/controllers/relWorkedRequestsController.php - program: personController.php line 213
[03/02/2020 10:39:02] [DEBUG]: entrou  : - program: personController.php line 39
[03/02/2020 10:39:02] [DEBUG]: token gerado: 5c05515c7eeba39c3ed913d7ef900990b04ee5e863dddd5a03ad3dc0774ce54ea3d8ad091017a84836f0643197c4e56abe54a4ecd5e1525edd627569a288feea - program: personController.php - method: Person::formCreatePerson line 154
[03/02/2020 10:39:02] [ERR]: The controller does not exist: app/modules/admin/controllers/downloadsController.php - program: personController.php line 213
[03/02/2020 10:39:02] [ERR]: The controller does not exist: app/modules/admin/controllers/workcalendarController.php - program: personController.php line 213
[03/02/2020 10:39:02] [ERR]: The controller does not exist: app/modules/admin/controllers/importpeopleController.php - program: personController.php line 213
[03/02/2020 10:39:02] [ERR]: The controller does not exist: app/modules/helpdezk/controllers/statusController.php - program: personController.php line 213
[03/02/2020 10:39:02] [ERR]: The controller does not exist: app/modules/helpdezk/controllers/priorityController.php - program: personController.php line 213
[03/02/2020 10:39:02] [ERR]: The controller does not exist: app/modules/helpdezk/controllers/evaluationController.php - program: personController.php line 213
[03/02/2020 10:39:02] [ERR]: The controller does not exist: app/modules/helpdezk/controllers/costcenterController.php - program: personController.php line 213
[03/02/2020 10:39:02] [ERR]: The controller does not exist: app/modules/helpdezk/controllers/featuresController.php - program: personController.php line 213
[03/02/2020 10:39:02] [ERR]: The controller does not exist: app/modules/helpdezk/controllers/importservicesController.php - program: personController.php line 213
[03/02/2020 10:39:02] [ERR]: The controller does not exist: app/modules/helpdezk/controllers/relPessoaController.php - program: personController.php line 213
[03/02/2020 10:39:02] [ERR]: The controller does not exist: app/modules/helpdezk/controllers/relRequestsController.php - program: personController.php line 213
[03/02/2020 10:39:02] [ERR]: The controller does not exist: app/modules/helpdezk/controllers/relOpeAverRespTimeController.php - program: personController.php line 213
[03/02/2020 10:39:02] [ERR]: The controller does not exist: app/modules/helpdezk/controllers/relRejectController.php - program: personController.php line 213
[03/02/2020 10:39:02] [ERR]: The controller does not exist: app/modules/helpdezk/controllers/relDepartmentsController.php - program: personController.php line 213
[03/02/2020 10:39:02] [ERR]: The controller does not exist: app/modules/helpdezk/controllers/relStatusController.php - program: personController.php line 213
[03/02/2020 10:39:02] [ERR]: The controller does not exist: app/modules/helpdezk/controllers/relSumDepartmentController.php - program: personController.php line 213
[03/02/2020 10:39:02] [ERR]: The controller does not exist: app/modules/helpdezk/controllers/relOperatorController.php - program: personController.php line 213
[03/02/2020 10:39:02] [ERR]: The controller does not exist: app/modules/helpdezk/controllers/relUserSatisfactionController.php - program: personController.php line 213
[03/02/2020 10:39:02] [ERR]: The controller does not exist: app/modules/helpdezk/controllers/relRequestsOperatorController.php - program: personController.php line 213
[03/02/2020 10:39:02] [ERR]: The controller does not exist: app/modules/helpdezk/controllers/relWorkedRequestsController.php - program: personController.php line 213
[03/02/2020 10:39:51] [DEBUG]: entrou  : - program: personController.php line 39
[03/02/2020 10:39:51] [DEBUG]: token gerado: f5808e941cefa42965ed71d506b8684e573876218cf4e03256a62dac0caf23716f36a4b2907365c83aab1aba1bdf4f5340e7eabef29e546e721c9abc7a85dc34 - program: personController.php - method: Person::formCreatePerson line 154
[03/02/2020 10:39:52] [ERR]: The controller does not exist: app/modules/admin/controllers/downloadsController.php - program: personController.php line 213
[03/02/2020 10:39:52] [ERR]: The controller does not exist: app/modules/admin/controllers/workcalendarController.php - program: personController.php line 213
[03/02/2020 10:39:52] [ERR]: The controller does not exist: app/modules/admin/controllers/importpeopleController.php - program: personController.php line 213
[03/02/2020 10:39:52] [ERR]: The controller does not exist: app/modules/helpdezk/controllers/statusController.php - program: personController.php line 213
[03/02/2020 10:39:52] [ERR]: The controller does not exist: app/modules/helpdezk/controllers/priorityController.php - program: personController.php line 213
[03/02/2020 10:39:52] [ERR]: The controller does not exist: app/modules/helpdezk/controllers/evaluationController.php - program: personController.php line 213
[03/02/2020 10:39:52] [ERR]: The controller does not exist: app/modules/helpdezk/controllers/costcenterController.php - program: personController.php line 213
[03/02/2020 10:39:52] [ERR]: The controller does not exist: app/modules/helpdezk/controllers/featuresController.php - program: personController.php line 213
[03/02/2020 10:39:52] [ERR]: The controller does not exist: app/modules/helpdezk/controllers/importservicesController.php - program: personController.php line 213
[03/02/2020 10:39:52] [ERR]: The controller does not exist: app/modules/helpdezk/controllers/relPessoaController.php - program: personController.php line 213
[03/02/2020 10:39:52] [ERR]: The controller does not exist: app/modules/helpdezk/controllers/relRequestsController.php - program: personController.php line 213
[03/02/2020 10:39:52] [ERR]: The controller does not exist: app/modules/helpdezk/controllers/relOpeAverRespTimeController.php - program: personController.php line 213
[03/02/2020 10:39:52] [ERR]: The controller does not exist: app/modules/helpdezk/controllers/relRejectController.php - program: personController.php line 213
[03/02/2020 10:39:52] [ERR]: The controller does not exist: app/modules/helpdezk/controllers/relDepartmentsController.php - program: personController.php line 213
[03/02/2020 10:39:52] [ERR]: The controller does not exist: app/modules/helpdezk/controllers/relStatusController.php - program: personController.php line 213
[03/02/2020 10:39:52] [ERR]: The controller does not exist: app/modules/helpdezk/controllers/relSumDepartmentController.php - program: personController.php line 213
[03/02/2020 10:39:52] [ERR]: The controller does not exist: app/modules/helpdezk/controllers/relOperatorController.php - program: personController.php line 213
[03/02/2020 10:39:52] [ERR]: The controller does not exist: app/modules/helpdezk/controllers/relUserSatisfactionController.php - program: personController.php line 213
[03/02/2020 10:39:52] [ERR]: The controller does not exist: app/modules/helpdezk/controllers/relRequestsOperatorController.php - program: personController.php line 213
[03/02/2020 10:39:52] [ERR]: The controller does not exist: app/modules/helpdezk/controllers/relWorkedRequestsController.php - program: personController.php line 213
[04/02/2020 16:14:19] [ERR]: The controller does not exist: app/modules/admin/controllers/downloadsController.php - program: homeController.php line 213
[04/02/2020 16:14:19] [ERR]: The controller does not exist: app/modules/admin/controllers/workcalendarController.php - program: homeController.php line 213
[04/02/2020 16:14:19] [ERR]: The controller does not exist: app/modules/admin/controllers/importpeopleController.php - program: homeController.php line 213
[04/02/2020 16:14:19] [ERR]: The controller does not exist: app/modules/helpdezk/controllers/statusController.php - program: homeController.php line 213
[04/02/2020 16:14:19] [ERR]: The controller does not exist: app/modules/helpdezk/controllers/priorityController.php - program: homeController.php line 213
[04/02/2020 16:14:19] [ERR]: The controller does not exist: app/modules/helpdezk/controllers/evaluationController.php - program: homeController.php line 213
[04/02/2020 16:14:19] [ERR]: The controller does not exist: app/modules/helpdezk/controllers/costcenterController.php - program: homeController.php line 213
[04/02/2020 16:14:19] [ERR]: The controller does not exist: app/modules/helpdezk/controllers/featuresController.php - program: homeController.php line 213
[04/02/2020 16:14:19] [ERR]: The controller does not exist: app/modules/helpdezk/controllers/importservicesController.php - program: homeController.php line 213
[04/02/2020 16:14:19] [ERR]: The controller does not exist: app/modules/helpdezk/controllers/relPessoaController.php - program: homeController.php line 213
[04/02/2020 16:14:19] [ERR]: The controller does not exist: app/modules/helpdezk/controllers/relRequestsController.php - program: homeController.php line 213
[04/02/2020 16:14:19] [ERR]: The controller does not exist: app/modules/helpdezk/controllers/relOpeAverRespTimeController.php - program: homeController.php line 213
[04/02/2020 16:14:19] [ERR]: The controller does not exist: app/modules/helpdezk/controllers/relRejectController.php - program: homeController.php line 213
[04/02/2020 16:14:19] [ERR]: The controller does not exist: app/modules/helpdezk/controllers/relDepartmentsController.php - program: homeController.php line 213
[04/02/2020 16:14:19] [ERR]: The controller does not exist: app/modules/helpdezk/controllers/relStatusController.php - program: homeController.php line 213
[04/02/2020 16:14:19] [ERR]: The controller does not exist: app/modules/helpdezk/controllers/relSumDepartmentController.php - program: homeController.php line 213
[04/02/2020 16:14:19] [ERR]: The controller does not exist: app/modules/helpdezk/controllers/relOperatorController.php - program: homeController.php line 213
[04/02/2020 16:14:19] [ERR]: The controller does not exist: app/modules/helpdezk/controllers/relUserSatisfactionController.php - program: homeController.php line 213
[04/02/2020 16:14:19] [ERR]: The controller does not exist: app/modules/helpdezk/controllers/relRequestsOperatorController.php - program: homeController.php line 213
[04/02/2020 16:14:19] [ERR]: The controller does not exist: app/modules/helpdezk/controllers/relWorkedRequestsController.php - program: homeController.php line 213
[04/02/2020 16:14:25] [DEBUG]: entrou  : - program: personController.php line 39
[04/02/2020 16:14:25] [ERR]: The controller does not exist: app/modules/admin/controllers/downloadsController.php - program: personController.php line 213
[04/02/2020 16:14:25] [ERR]: The controller does not exist: app/modules/admin/controllers/workcalendarController.php - program: personController.php line 213
[04/02/2020 16:14:25] [ERR]: The controller does not exist: app/modules/admin/controllers/importpeopleController.php - program: personController.php line 213
[04/02/2020 16:14:25] [ERR]: The controller does not exist: app/modules/helpdezk/controllers/statusController.php - program: personController.php line 213
[04/02/2020 16:14:25] [ERR]: The controller does not exist: app/modules/helpdezk/controllers/priorityController.php - program: personController.php line 213
[04/02/2020 16:14:25] [ERR]: The controller does not exist: app/modules/helpdezk/controllers/evaluationController.php - program: personController.php line 213
[04/02/2020 16:14:25] [ERR]: The controller does not exist: app/modules/helpdezk/controllers/costcenterController.php - program: personController.php line 213
[04/02/2020 16:14:25] [ERR]: The controller does not exist: app/modules/helpdezk/controllers/featuresController.php - program: personController.php line 213
[04/02/2020 16:14:25] [ERR]: The controller does not exist: app/modules/helpdezk/controllers/importservicesController.php - program: personController.php line 213
[04/02/2020 16:14:25] [ERR]: The controller does not exist: app/modules/helpdezk/controllers/relPessoaController.php - program: personController.php line 213
[04/02/2020 16:14:25] [ERR]: The controller does not exist: app/modules/helpdezk/controllers/relRequestsController.php - program: personController.php line 213
[04/02/2020 16:14:25] [ERR]: The controller does not exist: app/modules/helpdezk/controllers/relOpeAverRespTimeController.php - program: personController.php line 213
[04/02/2020 16:14:25] [ERR]: The controller does not exist: app/modules/helpdezk/controllers/relRejectController.php - program: personController.php line 213
[04/02/2020 16:14:25] [ERR]: The controller does not exist: app/modules/helpdezk/controllers/relDepartmentsController.php - program: personController.php line 213
[04/02/2020 16:14:25] [ERR]: The controller does not exist: app/modules/helpdezk/controllers/relStatusController.php - program: personController.php line 213
[04/02/2020 16:14:25] [ERR]: The controller does not exist: app/modules/helpdezk/controllers/relSumDepartmentController.php - program: personController.php line 213
[04/02/2020 16:14:25] [ERR]: The controller does not exist: app/modules/helpdezk/controllers/relOperatorController.php - program: personController.php line 213
[04/02/2020 16:14:25] [ERR]: The controller does not exist: app/modules/helpdezk/controllers/relUserSatisfactionController.php - program: personController.php line 213
[04/02/2020 16:14:25] [ERR]: The controller does not exist: app/modules/helpdezk/controllers/relRequestsOperatorController.php - program: personController.php line 213
[04/02/2020 16:14:25] [ERR]: The controller does not exist: app/modules/helpdezk/controllers/relWorkedRequestsController.php - program: personController.php line 213
[04/02/2020 16:14:43] [DEBUG]: entrou  : - program: personController.php line 39
[04/02/2020 16:14:43] [ERR]: The controller does not exist: app/modules/admin/controllers/downloadsController.php - program: personController.php line 213
[04/02/2020 16:14:43] [ERR]: The controller does not exist: app/modules/admin/controllers/workcalendarController.php - program: personController.php line 213
[04/02/2020 16:14:43] [ERR]: The controller does not exist: app/modules/admin/controllers/importpeopleController.php - program: personController.php line 213
[04/02/2020 16:14:43] [ERR]: The controller does not exist: app/modules/helpdezk/controllers/statusController.php - program: personController.php line 213
[04/02/2020 16:14:43] [ERR]: The controller does not exist: app/modules/helpdezk/controllers/priorityController.php - program: personController.php line 213
[04/02/2020 16:14:43] [ERR]: The controller does not exist: app/modules/helpdezk/controllers/evaluationController.php - program: personController.php line 213
[04/02/2020 16:14:43] [ERR]: The controller does not exist: app/modules/helpdezk/controllers/costcenterController.php - program: personController.php line 213
[04/02/2020 16:14:43] [ERR]: The controller does not exist: app/modules/helpdezk/controllers/featuresController.php - program: personController.php line 213
[04/02/2020 16:14:43] [ERR]: The controller does not exist: app/modules/helpdezk/controllers/importservicesController.php - program: personController.php line 213
[04/02/2020 16:14:43] [ERR]: The controller does not exist: app/modules/helpdezk/controllers/relPessoaController.php - program: personController.php line 213
[04/02/2020 16:14:43] [ERR]: The controller does not exist: app/modules/helpdezk/controllers/relRequestsController.php - program: personController.php line 213
[04/02/2020 16:14:43] [ERR]: The controller does not exist: app/modules/helpdezk/controllers/relOpeAverRespTimeController.php - program: personController.php line 213
[04/02/2020 16:14:43] [ERR]: The controller does not exist: app/modules/helpdezk/controllers/relRejectController.php - program: personController.php line 213
[04/02/2020 16:14:43] [ERR]: The controller does not exist: app/modules/helpdezk/controllers/relDepartmentsController.php - program: personController.php line 213
[04/02/2020 16:14:43] [ERR]: The controller does not exist: app/modules/helpdezk/controllers/relStatusController.php - program: personController.php line 213
[04/02/2020 16:14:43] [ERR]: The controller does not exist: app/modules/helpdezk/controllers/relSumDepartmentController.php - program: personController.php line 213
[04/02/2020 16:14:43] [ERR]: The controller does not exist: app/modules/helpdezk/controllers/relOperatorController.php - program: personController.php line 213
[04/02/2020 16:14:43] [ERR]: The controller does not exist: app/modules/helpdezk/controllers/relUserSatisfactionController.php - program: personController.php line 213
[04/02/2020 16:14:43] [ERR]: The controller does not exist: app/modules/helpdezk/controllers/relRequestsOperatorController.php - program: personController.php line 213
[04/02/2020 16:14:43] [ERR]: The controller does not exist: app/modules/helpdezk/controllers/relWorkedRequestsController.php - program: personController.php line 213
[04/02/2020 16:14:44] [DEBUG]: entrou  : - program: personController.php line 39
[04/02/2020 16:15:12] [ERR]: The controller does not exist: app/modules/admin/controllers/downloadsController.php - program: homeController.php line 213
[04/02/2020 16:15:12] [ERR]: The controller does not exist: app/modules/admin/controllers/workcalendarController.php - program: homeController.php line 213
[04/02/2020 16:15:12] [ERR]: The controller does not exist: app/modules/admin/controllers/importpeopleController.php - program: homeController.php line 213
[04/02/2020 16:15:12] [ERR]: The controller does not exist: app/modules/helpdezk/controllers/statusController.php - program: homeController.php line 213
[04/02/2020 16:15:12] [ERR]: The controller does not exist: app/modules/helpdezk/controllers/priorityController.php - program: homeController.php line 213
[04/02/2020 16:15:12] [ERR]: The controller does not exist: app/modules/helpdezk/controllers/evaluationController.php - program: homeController.php line 213
[04/02/2020 16:15:12] [ERR]: The controller does not exist: app/modules/helpdezk/controllers/costcenterController.php - program: homeController.php line 213
[04/02/2020 16:15:12] [ERR]: The controller does not exist: app/modules/helpdezk/controllers/featuresController.php - program: homeController.php line 213
[04/02/2020 16:15:12] [ERR]: The controller does not exist: app/modules/helpdezk/controllers/importservicesController.php - program: homeController.php line 213
[04/02/2020 16:15:12] [ERR]: The controller does not exist: app/modules/helpdezk/controllers/relPessoaController.php - program: homeController.php line 213
[04/02/2020 16:15:12] [ERR]: The controller does not exist: app/modules/helpdezk/controllers/relRequestsController.php - program: homeController.php line 213
[04/02/2020 16:15:12] [ERR]: The controller does not exist: app/modules/helpdezk/controllers/relOpeAverRespTimeController.php - program: homeController.php line 213
[04/02/2020 16:15:12] [ERR]: The controller does not exist: app/modules/helpdezk/controllers/relRejectController.php - program: homeController.php line 213
[04/02/2020 16:15:12] [ERR]: The controller does not exist: app/modules/helpdezk/controllers/relDepartmentsController.php - program: homeController.php line 213
[04/02/2020 16:15:12] [ERR]: The controller does not exist: app/modules/helpdezk/controllers/relStatusController.php - program: homeController.php line 213
[04/02/2020 16:15:12] [ERR]: The controller does not exist: app/modules/helpdezk/controllers/relSumDepartmentController.php - program: homeController.php line 213
[04/02/2020 16:15:12] [ERR]: The controller does not exist: app/modules/helpdezk/controllers/relOperatorController.php - program: homeController.php line 213
[04/02/2020 16:15:12] [ERR]: The controller does not exist: app/modules/helpdezk/controllers/relUserSatisfactionController.php - program: homeController.php line 213
[04/02/2020 16:15:12] [ERR]: The controller does not exist: app/modules/helpdezk/controllers/relRequestsOperatorController.php - program: homeController.php line 213
[04/02/2020 16:15:12] [ERR]: The controller does not exist: app/modules/helpdezk/controllers/relWorkedRequestsController.php - program: homeController.php line 213
[04/02/2020 16:15:17] [DEBUG]: entrou  : - program: personController.php line 39
[04/02/2020 16:15:17] [ERR]: The controller does not exist: app/modules/admin/controllers/downloadsController.php - program: personController.php line 213
[04/02/2020 16:15:17] [ERR]: The controller does not exist: app/modules/admin/controllers/workcalendarController.php - program: personController.php line 213
[04/02/2020 16:15:17] [ERR]: The controller does not exist: app/modules/admin/controllers/importpeopleController.php - program: personController.php line 213
[04/02/2020 16:15:17] [ERR]: The controller does not exist: app/modules/helpdezk/controllers/statusController.php - program: personController.php line 213
[04/02/2020 16:15:17] [ERR]: The controller does not exist: app/modules/helpdezk/controllers/priorityController.php - program: personController.php line 213
[04/02/2020 16:15:17] [ERR]: The controller does not exist: app/modules/helpdezk/controllers/evaluationController.php - program: personController.php line 213
[04/02/2020 16:15:17] [ERR]: The controller does not exist: app/modules/helpdezk/controllers/costcenterController.php - program: personController.php line 213
[04/02/2020 16:15:17] [ERR]: The controller does not exist: app/modules/helpdezk/controllers/featuresController.php - program: personController.php line 213
[04/02/2020 16:15:17] [ERR]: The controller does not exist: app/modules/helpdezk/controllers/importservicesController.php - program: personController.php line 213
[04/02/2020 16:15:17] [ERR]: The controller does not exist: app/modules/helpdezk/controllers/relPessoaController.php - program: personController.php line 213
[04/02/2020 16:15:17] [ERR]: The controller does not exist: app/modules/helpdezk/controllers/relRequestsController.php - program: personController.php line 213
[04/02/2020 16:15:17] [ERR]: The controller does not exist: app/modules/helpdezk/controllers/relOpeAverRespTimeController.php - program: personController.php line 213
[04/02/2020 16:15:17] [ERR]: The controller does not exist: app/modules/helpdezk/controllers/relRejectController.php - program: personController.php line 213
[04/02/2020 16:15:17] [ERR]: The controller does not exist: app/modules/helpdezk/controllers/relDepartmentsController.php - program: personController.php line 213
[04/02/2020 16:15:17] [ERR]: The controller does not exist: app/modules/helpdezk/controllers/relStatusController.php - program: personController.php line 213
[04/02/2020 16:15:17] [ERR]: The controller does not exist: app/modules/helpdezk/controllers/relSumDepartmentController.php - program: personController.php line 213
[04/02/2020 16:15:17] [ERR]: The controller does not exist: app/modules/helpdezk/controllers/relOperatorController.php - program: personController.php line 213
[04/02/2020 16:15:17] [ERR]: The controller does not exist: app/modules/helpdezk/controllers/relUserSatisfactionController.php - program: personController.php line 213
[04/02/2020 16:15:17] [ERR]: The controller does not exist: app/modules/helpdezk/controllers/relRequestsOperatorController.php - program: personController.php line 213
[04/02/2020 16:15:17] [ERR]: The controller does not exist: app/modules/helpdezk/controllers/relWorkedRequestsController.php - program: personController.php line 213
[04/02/2020 16:15:18] [DEBUG]: entrou  : - program: personController.php line 39
[04/02/2020 16:19:16] [DEBUG]: entrou  : - program: personController.php line 39
[04/02/2020 16:19:16] [ERR]: The controller does not exist: app/modules/admin/controllers/downloadsController.php - program: personController.php line 213
[04/02/2020 16:19:16] [ERR]: The controller does not exist: app/modules/admin/controllers/workcalendarController.php - program: personController.php line 213
[04/02/2020 16:19:16] [ERR]: The controller does not exist: app/modules/admin/controllers/importpeopleController.php - program: personController.php line 213
[04/02/2020 16:19:16] [ERR]: The controller does not exist: app/modules/helpdezk/controllers/statusController.php - program: personController.php line 213
[04/02/2020 16:19:16] [ERR]: The controller does not exist: app/modules/helpdezk/controllers/priorityController.php - program: personController.php line 213
[04/02/2020 16:19:16] [ERR]: The controller does not exist: app/modules/helpdezk/controllers/evaluationController.php - program: personController.php line 213
[04/02/2020 16:19:16] [ERR]: The controller does not exist: app/modules/helpdezk/controllers/costcenterController.php - program: personController.php line 213
[04/02/2020 16:19:16] [ERR]: The controller does not exist: app/modules/helpdezk/controllers/featuresController.php - program: personController.php line 213
[04/02/2020 16:19:16] [ERR]: The controller does not exist: app/modules/helpdezk/controllers/importservicesController.php - program: personController.php line 213
[04/02/2020 16:19:16] [ERR]: The controller does not exist: app/modules/helpdezk/controllers/relPessoaController.php - program: personController.php line 213
[04/02/2020 16:19:16] [ERR]: The controller does not exist: app/modules/helpdezk/controllers/relRequestsController.php - program: personController.php line 213
[04/02/2020 16:19:16] [ERR]: The controller does not exist: app/modules/helpdezk/controllers/relOpeAverRespTimeController.php - program: personController.php line 213
[04/02/2020 16:19:16] [ERR]: The controller does not exist: app/modules/helpdezk/controllers/relRejectController.php - program: personController.php line 213
[04/02/2020 16:19:16] [ERR]: The controller does not exist: app/modules/helpdezk/controllers/relDepartmentsController.php - program: personController.php line 213
[04/02/2020 16:19:16] [ERR]: The controller does not exist: app/modules/helpdezk/controllers/relStatusController.php - program: personController.php line 213
[04/02/2020 16:19:16] [ERR]: The controller does not exist: app/modules/helpdezk/controllers/relSumDepartmentController.php - program: personController.php line 213
[04/02/2020 16:19:16] [ERR]: The controller does not exist: app/modules/helpdezk/controllers/relOperatorController.php - program: personController.php line 213
[04/02/2020 16:19:16] [ERR]: The controller does not exist: app/modules/helpdezk/controllers/relUserSatisfactionController.php - program: personController.php line 213
[04/02/2020 16:19:16] [ERR]: The controller does not exist: app/modules/helpdezk/controllers/relRequestsOperatorController.php - program: personController.php line 213
[04/02/2020 16:19:16] [ERR]: The controller does not exist: app/modules/helpdezk/controllers/relWorkedRequestsController.php - program: personController.php line 213
[04/02/2020 16:19:17] [DEBUG]: entrou  : - program: personController.php line 39
[04/02/2020 16:20:59] [DEBUG]: entrou  : - program: personController.php line 39
[04/02/2020 16:20:59] [DEBUG]: token gerado: 3468e33c1152c6fbd0728478bcd2b2b6ca727ef060e1b9321580014dd3102f75138a0812c748c9171b658111a44154411bd7ed6db986a7f68d3fd2866e43f8a1 - program: personController.php - method: Person::formCreatePerson line 154
[04/02/2020 16:21:00] [ERR]: The controller does not exist: app/modules/admin/controllers/downloadsController.php - program: personController.php line 213
[04/02/2020 16:21:00] [ERR]: The controller does not exist: app/modules/admin/controllers/workcalendarController.php - program: personController.php line 213
[04/02/2020 16:21:00] [ERR]: The controller does not exist: app/modules/admin/controllers/importpeopleController.php - program: personController.php line 213
[04/02/2020 16:21:00] [ERR]: The controller does not exist: app/modules/helpdezk/controllers/statusController.php - program: personController.php line 213
[04/02/2020 16:21:00] [ERR]: The controller does not exist: app/modules/helpdezk/controllers/priorityController.php - program: personController.php line 213
[04/02/2020 16:21:00] [ERR]: The controller does not exist: app/modules/helpdezk/controllers/evaluationController.php - program: personController.php line 213
[04/02/2020 16:21:00] [ERR]: The controller does not exist: app/modules/helpdezk/controllers/costcenterController.php - program: personController.php line 213
[04/02/2020 16:21:00] [ERR]: The controller does not exist: app/modules/helpdezk/controllers/featuresController.php - program: personController.php line 213
[04/02/2020 16:21:00] [ERR]: The controller does not exist: app/modules/helpdezk/controllers/importservicesController.php - program: personController.php line 213
[04/02/2020 16:21:00] [ERR]: The controller does not exist: app/modules/helpdezk/controllers/relPessoaController.php - program: personController.php line 213
[04/02/2020 16:21:00] [ERR]: The controller does not exist: app/modules/helpdezk/controllers/relRequestsController.php - program: personController.php line 213
[04/02/2020 16:21:00] [ERR]: The controller does not exist: app/modules/helpdezk/controllers/relOpeAverRespTimeController.php - program: personController.php line 213
[04/02/2020 16:21:00] [ERR]: The controller does not exist: app/modules/helpdezk/controllers/relRejectController.php - program: personController.php line 213
[04/02/2020 16:21:00] [ERR]: The controller does not exist: app/modules/helpdezk/controllers/relDepartmentsController.php - program: personController.php line 213
[04/02/2020 16:21:00] [ERR]: The controller does not exist: app/modules/helpdezk/controllers/relStatusController.php - program: personController.php line 213
[04/02/2020 16:21:00] [ERR]: The controller does not exist: app/modules/helpdezk/controllers/relSumDepartmentController.php - program: personController.php line 213
[04/02/2020 16:21:00] [ERR]: The controller does not exist: app/modules/helpdezk/controllers/relOperatorController.php - program: personController.php line 213
[04/02/2020 16:21:00] [ERR]: The controller does not exist: app/modules/helpdezk/controllers/relUserSatisfactionController.php - program: personController.php line 213
[04/02/2020 16:21:00] [ERR]: The controller does not exist: app/modules/helpdezk/controllers/relRequestsOperatorController.php - program: personController.php line 213
[04/02/2020 16:21:00] [ERR]: The controller does not exist: app/modules/helpdezk/controllers/relWorkedRequestsController.php - program: personController.php line 213
[04/02/2020 16:21:40] [DEBUG]: entrou  : - program: personController.php line 39
[04/02/2020 16:21:40] [DEBUG]: token gerado: b2cf47157b846648b3a9abd22ee630b4d0a05da04b1d0e6b4b28fdb6eee5a02b89d00379c46de9ea66e0640478eb05501d0d19686267f29d379b68bfa04e6257 - program: personController.php - method: Person::formCreatePerson line 154
[04/02/2020 16:21:40] [ERR]: The controller does not exist: app/modules/admin/controllers/downloadsController.php - program: personController.php line 213
[04/02/2020 16:21:40] [ERR]: The controller does not exist: app/modules/admin/controllers/workcalendarController.php - program: personController.php line 213
[04/02/2020 16:21:40] [ERR]: The controller does not exist: app/modules/admin/controllers/importpeopleController.php - program: personController.php line 213
[04/02/2020 16:21:40] [ERR]: The controller does not exist: app/modules/helpdezk/controllers/statusController.php - program: personController.php line 213
[04/02/2020 16:21:40] [ERR]: The controller does not exist: app/modules/helpdezk/controllers/priorityController.php - program: personController.php line 213
[04/02/2020 16:21:40] [ERR]: The controller does not exist: app/modules/helpdezk/controllers/evaluationController.php - program: personController.php line 213
[04/02/2020 16:21:40] [ERR]: The controller does not exist: app/modules/helpdezk/controllers/costcenterController.php - program: personController.php line 213
[04/02/2020 16:21:40] [ERR]: The controller does not exist: app/modules/helpdezk/controllers/featuresController.php - program: personController.php line 213
[04/02/2020 16:21:40] [ERR]: The controller does not exist: app/modules/helpdezk/controllers/importservicesController.php - program: personController.php line 213
[04/02/2020 16:21:40] [ERR]: The controller does not exist: app/modules/helpdezk/controllers/relPessoaController.php - program: personController.php line 213
[04/02/2020 16:21:40] [ERR]: The controller does not exist: app/modules/helpdezk/controllers/relRequestsController.php - program: personController.php line 213
[04/02/2020 16:21:40] [ERR]: The controller does not exist: app/modules/helpdezk/controllers/relOpeAverRespTimeController.php - program: personController.php line 213
[04/02/2020 16:21:40] [ERR]: The controller does not exist: app/modules/helpdezk/controllers/relRejectController.php - program: personController.php line 213
[04/02/2020 16:21:40] [ERR]: The controller does not exist: app/modules/helpdezk/controllers/relDepartmentsController.php - program: personController.php line 213
[04/02/2020 16:21:40] [ERR]: The controller does not exist: app/modules/helpdezk/controllers/relStatusController.php - program: personController.php line 213
[04/02/2020 16:21:40] [ERR]: The controller does not exist: app/modules/helpdezk/controllers/relSumDepartmentController.php - program: personController.php line 213
[04/02/2020 16:21:40] [ERR]: The controller does not exist: app/modules/helpdezk/controllers/relOperatorController.php - program: personController.php line 213
[04/02/2020 16:21:40] [ERR]: The controller does not exist: app/modules/helpdezk/controllers/relUserSatisfactionController.php - program: personController.php line 213
[04/02/2020 16:21:40] [ERR]: The controller does not exist: app/modules/helpdezk/controllers/relRequestsOperatorController.php - program: personController.php line 213
[04/02/2020 16:21:40] [ERR]: The controller does not exist: app/modules/helpdezk/controllers/relWorkedRequestsController.php - program: personController.php line 213
[04/02/2020 16:24:04] [DEBUG]: entrou  : - program: personController.php line 39
[04/02/2020 16:24:04] [ERR]: The controller does not exist: app/modules/admin/controllers/downloadsController.php - program: personController.php line 213
[04/02/2020 16:24:04] [ERR]: The controller does not exist: app/modules/admin/controllers/workcalendarController.php - program: personController.php line 213
[04/02/2020 16:24:04] [ERR]: The controller does not exist: app/modules/admin/controllers/importpeopleController.php - program: personController.php line 213
[04/02/2020 16:24:04] [ERR]: The controller does not exist: app/modules/helpdezk/controllers/statusController.php - program: personController.php line 213
[04/02/2020 16:24:04] [ERR]: The controller does not exist: app/modules/helpdezk/controllers/priorityController.php - program: personController.php line 213
[04/02/2020 16:24:04] [ERR]: The controller does not exist: app/modules/helpdezk/controllers/evaluationController.php - program: personController.php line 213
[04/02/2020 16:24:04] [ERR]: The controller does not exist: app/modules/helpdezk/controllers/costcenterController.php - program: personController.php line 213
[04/02/2020 16:24:04] [ERR]: The controller does not exist: app/modules/helpdezk/controllers/featuresController.php - program: personController.php line 213
[04/02/2020 16:24:04] [ERR]: The controller does not exist: app/modules/helpdezk/controllers/importservicesController.php - program: personController.php line 213
[04/02/2020 16:24:04] [ERR]: The controller does not exist: app/modules/helpdezk/controllers/relPessoaController.php - program: personController.php line 213
[04/02/2020 16:24:04] [ERR]: The controller does not exist: app/modules/helpdezk/controllers/relRequestsController.php - program: personController.php line 213
[04/02/2020 16:24:04] [ERR]: The controller does not exist: app/modules/helpdezk/controllers/relOpeAverRespTimeController.php - program: personController.php line 213
[04/02/2020 16:24:04] [ERR]: The controller does not exist: app/modules/helpdezk/controllers/relRejectController.php - program: personController.php line 213
[04/02/2020 16:24:04] [ERR]: The controller does not exist: app/modules/helpdezk/controllers/relDepartmentsController.php - program: personController.php line 213
[04/02/2020 16:24:04] [ERR]: The controller does not exist: app/modules/helpdezk/controllers/relStatusController.php - program: personController.php line 213
[04/02/2020 16:24:04] [ERR]: The controller does not exist: app/modules/helpdezk/controllers/relSumDepartmentController.php - program: personController.php line 213
[04/02/2020 16:24:04] [ERR]: The controller does not exist: app/modules/helpdezk/controllers/relOperatorController.php - program: personController.php line 213
[04/02/2020 16:24:04] [ERR]: The controller does not exist: app/modules/helpdezk/controllers/relUserSatisfactionController.php - program: personController.php line 213
[04/02/2020 16:24:04] [ERR]: The controller does not exist: app/modules/helpdezk/controllers/relRequestsOperatorController.php - program: personController.php line 213
[04/02/2020 16:24:04] [ERR]: The controller does not exist: app/modules/helpdezk/controllers/relWorkedRequestsController.php - program: personController.php line 213
[04/02/2020 16:24:05] [DEBUG]: entrou  : - program: personController.php line 39
